Determining if the pthread_create exist failed with the following output:
Change Dir: /home/fabrizio/Documenti/ProgettoRTOS/build/CMakeFiles/CMakeTmp

<<<<<<< HEAD
Run Build Command:"/usr/bin/make" "cmTC_a1fe7/fast"
/usr/bin/make -f CMakeFiles/cmTC_a1fe7.dir/build.make CMakeFiles/cmTC_a1fe7.dir/build
make[1]: ingresso nella directory "/home/fabrizio/Documenti/ProgettoRTOS/build/CMakeFiles/CMakeTmp"
Building C object CMakeFiles/cmTC_a1fe7.dir/CheckSymbolExists.c.o
/usr/bin/cc    -o CMakeFiles/cmTC_a1fe7.dir/CheckSymbolExists.c.o   -c /home/fabrizio/Documenti/ProgettoRTOS/build/CMakeFiles/CMakeTmp/CheckSymbolExists.c
Linking C executable cmTC_a1fe7
/usr/bin/cmake -E cmake_link_script CMakeFiles/cmTC_a1fe7.dir/link.txt --verbose=1
/usr/bin/cc      -rdynamic CMakeFiles/cmTC_a1fe7.dir/CheckSymbolExists.c.o  -o cmTC_a1fe7 
CMakeFiles/cmTC_a1fe7.dir/CheckSymbolExists.c.o: nella funzione "main":
CheckSymbolExists.c:(.text+0x1b): riferimento non definito a "pthread_create"
collect2: error: ld returned 1 exit status
CMakeFiles/cmTC_a1fe7.dir/build.make:97: recipe for target 'cmTC_a1fe7' failed
make[1]: *** [cmTC_a1fe7] Error 1
make[1]: uscita dalla directory "/home/fabrizio/Documenti/ProgettoRTOS/build/CMakeFiles/CMakeTmp"
Makefile:126: recipe for target 'cmTC_a1fe7/fast' failed
make: *** [cmTC_a1fe7/fast] Error 2
=======
Run Build Command:"/usr/bin/make" "cmTC_b68b3/fast"
/usr/bin/make -f CMakeFiles/cmTC_b68b3.dir/build.make CMakeFiles/cmTC_b68b3.dir/build
make[1]: Entering directory '/home/werther/Desktop/ProgettoRTOS/build/CMakeFiles/CMakeTmp'
Building C object CMakeFiles/cmTC_b68b3.dir/CheckSymbolExists.c.o
/usr/bin/cc    -o CMakeFiles/cmTC_b68b3.dir/CheckSymbolExists.c.o   -c /home/werther/Desktop/ProgettoRTOS/build/CMakeFiles/CMakeTmp/CheckSymbolExists.c
Linking C executable cmTC_b68b3
/usr/bin/cmake -E cmake_link_script CMakeFiles/cmTC_b68b3.dir/link.txt --verbose=1
/usr/bin/cc      -rdynamic CMakeFiles/cmTC_b68b3.dir/CheckSymbolExists.c.o  -o cmTC_b68b3 
/usr/bin/ld: CMakeFiles/cmTC_b68b3.dir/CheckSymbolExists.c.o: in function `main':
CheckSymbolExists.c:(.text+0x1b): undefined reference to `pthread_create'
collect2: error: ld returned 1 exit status
make[1]: *** [CMakeFiles/cmTC_b68b3.dir/build.make:87: cmTC_b68b3] Error 1
make[1]: Leaving directory '/home/werther/Desktop/ProgettoRTOS/build/CMakeFiles/CMakeTmp'
make: *** [Makefile:121: cmTC_b68b3/fast] Error 2
>>>>>>> bcb7295880a82517d951a17448e5c9271d74ba32

File /home/fabrizio/Documenti/ProgettoRTOS/build/CMakeFiles/CMakeTmp/CheckSymbolExists.c:
/* */
#include <pthread.h>

int main(int argc, char** argv)
{
  (void)argv;
#ifndef pthread_create
  return ((int*)(&pthread_create))[argc];
#else
  (void)argc;
  return 0;
#endif
}

